2017-03-18 19:44:14,287 INFO  [org.jboss.modules] (main) JBoss Modules version 1.5.1.Final-redhat-1
2017-03-18 19:44:14,639 INFO  [org.jboss.msc] (main) JBoss MSC version 1.2.6.Final-redhat-1
2017-03-18 19:44:14,720 INFO  [org.jboss.as] (MSC service thread 1-6) WFLYSRV0049: JBoss EAP 7.0.0.GA (WildFly Core 2.1.2.Final-redhat-1) starting
2017-03-18 19:44:14,721 DEBUG [org.jboss.as.config] (MSC service thread 1-6) Configured system properties:
	awt.toolkit = sun.awt.windows.WToolkit
	file.encoding = Cp1252
	file.encoding.pkg = sun.io
	file.separator = \
	java.awt.graphicsenv = sun.awt.Win32GraphicsEnvironment
	java.awt.headless = true
	java.awt.printerjob = sun.awt.windows.WPrinterJob
	java.class.path = H:\HK2_2016\SA\JEE\jboss-eap-7.0\jboss-modules.jar;H:\HK2_2016\SA\JPA\jboss-eap-7.0\jboss-modules.jar
	java.class.version = 52.0
	java.endorsed.dirs = C:\Program Files\Java\jre1.8.0_121\lib\endorsed
	java.ext.dirs = C:\Program Files\Java\jre1.8.0_121\lib\ext;C:\WINDOWS\Sun\Java\lib\ext
	java.home = C:\Program Files\Java\jre1.8.0_121
	java.io.tmpdir = C:\Users\THANHN~1\AppData\Local\Temp\
	java.library.path = C:\Program Files\Java\jre1.8.0_121\bin;C:\WINDOWS\Sun\Java\bin;C:\WINDOWS\system32;C:\WINDOWS;native;C:/Program Files/Java/jre1.8.0_121/bin/server;C:/Program Files/Java/jre1.8.0_121/bin;C:/Program Files/Java/jre1.8.0_121/lib/amd64;C:\Program Files\Microsoft MPI\Bin\;C:\ProgramData\Oracle\Java\javapath;C:\WINDOWS\system32;C:\WINDOWS;C:\WINDOWS\System32\Wbem;C:\WINDOWS\System32\WindowsPowerShell\v1.0\;C:\Program Files (x86)\Microsoft SQL Server\130\Tools\Binn\;C:\Program Files\Microsoft SQL Server\130\Tools\Binn\;C:\Program Files (x86)\Microsoft SQL Server\130\DTS\Binn\;C:\Program Files\Microsoft SQL Server\130\DTS\Binn\;C:\Program Files\Microsoft SQL Server\Client SDK\ODBC\130\Tools\Binn\;C:\Program Files (x86)\Microsoft SQL Server\Client SDK\ODBC\130\Tools\Binn\;C:\Program Files (x86)\Microsoft SQL Server\130\Tools\Binn\ManagementStudio\;C:\Program Files (x86)\NVIDIA Corporation\PhysX\Common;C:\MySoftware\;C:\WINDOWS\system32\config\systemprofile\.dnx\bin;C:\Program Files\Microsoft DNX\Dnvm\;C:\Program Files (x86)\Windows Kits\8.1\Windows Performance Toolkit\;C:\Program Files\Microsoft SQL Server\120\Tools\Binn\;C:\PostgreSQL\pg96\bin;C:\MinGW\bin;C:\MinGW\msys\1.0\bin;C:\Users\THANH NGA\AppData\Local\Microsoft\WindowsApps;C:\Users\THANH NGA\AppData\Roaming\npm;H:\MySoftware\eclipse;;.
	java.net.preferIPv4Stack = true
	java.runtime.name = Java(TM) SE Runtime Environment
	java.runtime.version = 1.8.0_121-b13
	java.specification.name = Java Platform API Specification
	java.specification.vendor = Oracle Corporation
	java.specification.version = 1.8
	java.util.logging.manager = org.jboss.logmanager.LogManager
	java.vendor = Oracle Corporation
	java.vendor.url = http://java.oracle.com/
	java.vendor.url.bug = http://bugreport.sun.com/bugreport/
	java.version = 1.8.0_121
	java.vm.info = mixed mode
	java.vm.name = Java HotSpot(TM) 64-Bit Server VM
	java.vm.specification.name = Java Virtual Machine Specification
	java.vm.specification.vendor = Oracle Corporation
	java.vm.specification.version = 1.8
	java.vm.vendor = Oracle Corporation
	java.vm.version = 25.121-b13
	javax.management.builder.initial = org.jboss.as.jmx.PluggableMBeanServerBuilder
	javax.xml.datatype.DatatypeFactory = __redirected.__DatatypeFactory
	javax.xml.parsers.DocumentBuilderFactory = __redirected.__DocumentBuilderFactory
	javax.xml.parsers.SAXParserFactory = __redirected.__SAXParserFactory
	javax.xml.stream.XMLEventFactory = __redirected.__XMLEventFactory
	javax.xml.stream.XMLInputFactory = __redirected.__XMLInputFactory
	javax.xml.stream.XMLOutputFactory = __redirected.__XMLOutputFactory
	javax.xml.transform.TransformerFactory = __redirected.__TransformerFactory
	javax.xml.validation.SchemaFactory:http://www.w3.org/2001/XMLSchema = __redirected.__SchemaFactory
	javax.xml.xpath.XPathFactory:http://java.sun.com/jaxp/xpath/dom = __redirected.__XPathFactory
	jboss.bind.address = localhost
	jboss.bind.address.management = localhost
	jboss.home.dir = H:\HK2_2016\SA\JPA\jboss-eap-7.0
	jboss.host.name = desktop-vge3hde
	jboss.modules.dir = H:\HK2_2016\SA\JPA\jboss-eap-7.0\modules
	jboss.modules.system.pkgs = org.jboss.byteman
	jboss.node.name = desktop-vge3hde
	jboss.qualified.host.name = desktop-vge3hde
	jboss.server.base.dir = H:\HK2_2016\SA\JPA\jboss-eap-7.0\standalone
	jboss.server.config.dir = H:\HK2_2016\SA\JPA\jboss-eap-7.0\standalone\configuration
	jboss.server.data.dir = H:\HK2_2016\SA\JPA\jboss-eap-7.0\standalone\data
	jboss.server.deploy.dir = H:\HK2_2016\SA\JPA\jboss-eap-7.0\standalone\data\content
	jboss.server.log.dir = H:\HK2_2016\SA\JPA\jboss-eap-7.0\standalone\log
	jboss.server.name = desktop-vge3hde
	jboss.server.persist.config = true
	jboss.server.temp.dir = H:\HK2_2016\SA\JPA\jboss-eap-7.0\standalone\tmp
	line.separator = 

	logging.configuration = file:/H:/HK2_2016/SA/JPA/jboss-eap-7.0/standalone/configuration/logging.properties
	module.path = H:/HK2_2016/SA/JPA/jboss-eap-7.0/modules
	org.jboss.boot.log.file = H:/HK2_2016/SA/JPA/jboss-eap-7.0/standalone/log/boot.log
	org.jboss.logmanager.nocolor = true
	org.jboss.resolver.warning = true
	org.xml.sax.driver = __redirected.__XMLReaderFactory
	os.arch = amd64
	os.name = Windows 10
	os.version = 10.0
	path.separator = ;
	program.name = JBossTools: Red Hat JBoss EAP 7.x
	sun.arch.data.model = 64
	sun.boot.class.path = C:\Program Files\Java\jre1.8.0_121\lib\resources.jar;C:\Program Files\Java\jre1.8.0_121\lib\rt.jar;C:\Program Files\Java\jre1.8.0_121\lib\sunrsasign.jar;C:\Program Files\Java\jre1.8.0_121\lib\jsse.jar;C:\Program Files\Java\jre1.8.0_121\lib\jce.jar;C:\Program Files\Java\jre1.8.0_121\lib\charsets.jar;C:\Program Files\Java\jre1.8.0_121\lib\jfr.jar;C:\Program Files\Java\jre1.8.0_121\classes
	sun.boot.library.path = C:\Program Files\Java\jre1.8.0_121\bin
	sun.cpu.endian = little
	sun.cpu.isalist = amd64
	sun.desktop = windows
	sun.io.unicode.encoding = UnicodeLittle
	sun.java.command = org.jboss.modules.Main -mp H:/HK2_2016/SA/JPA/jboss-eap-7.0/modules org.jboss.as.standalone -b localhost --server-config=standalone-full.xml -Djboss.server.base.dir=H:\HK2_2016\SA\JPA\jboss-eap-7.0\standalone
	sun.java.launcher = SUN_STANDARD
	sun.jnu.encoding = Cp1252
	sun.management.compiler = HotSpot 64-Bit Tiered Compilers
	sun.os.patch.level = 
	sun.rmi.dgc.client.gcInterval = 3600000
	sun.rmi.dgc.server.gcInterval = 3600000
	user.country = US
	user.dir = H:\HK2_2016\SA\JPA\jboss-eap-7.0\bin
	user.home = C:\Users\THANH NGA
	user.language = en
	user.name = THANH NGA
	user.script = 
	user.timezone = Asia/Bangkok
	user.variant = 
2017-03-18 19:44:14,722 DEBUG [org.jboss.as.config] (MSC service thread 1-6) VM Arguments: -Dprogram.name=JBossTools: Red Hat JBoss EAP 7.x -Xms64m -Xmx512m -Dorg.jboss.resolver.warning=true -Djava.net.preferIPv4Stack=true -Dsun.rmi.dgc.client.gcInterval=3600000 -Dsun.rmi.dgc.server.gcInterval=3600000 -Djboss.modules.system.pkgs=org.jboss.byteman -Djava.awt.headless=true -Dorg.jboss.boot.log.file=H:/HK2_2016/SA/JPA/jboss-eap-7.0/standalone/log/boot.log -Dlogging.configuration=file:/H:/HK2_2016/SA/JPA/jboss-eap-7.0/standalone/configuration/logging.properties -Djboss.home.dir=H:/HK2_2016/SA/JPA/jboss-eap-7.0 -Dorg.jboss.logmanager.nocolor=true -Djboss.bind.address.management=localhost -Dfile.encoding=Cp1252 
2017-03-18 19:44:15,792 INFO  [org.jboss.as.server] (Controller Boot Thread) WFLYSRV0039: Creating http management service using socket-binding (management-http)
2017-03-18 19:44:15,812 INFO  [org.xnio] (MSC service thread 1-8) XNIO version 3.3.6.Final-redhat-1
2017-03-18 19:44:15,819 INFO  [org.xnio.nio] (MSC service thread 1-8) XNIO NIO Implementation Version 3.3.6.Final-redhat-1
